2023/09/02 04:54:31 [notice] 1#1: using the "epoll" event method
2023/09/02 04:54:31 [notice] 1#1: nginx/1.24.0
2023/09/02 04:54:31 [notice] 1#1: built by gcc 10.2.1 20210110 (Debian 10.2.1-6) 
2023/09/02 04:54:31 [notice] 1#1: OS: Linux 5.4.72-microsoft-standard-WSL2
2023/09/02 04:54:31 [notice] 1#1: getrlimit(RLIMIT_NOFILE): 1048576:1048576
2023/09/02 04:54:31 [notice] 1#1: start worker processes
2023/09/02 04:54:31 [notice] 1#1: start worker process 28
2023/09/02 04:54:31 [notice] 1#1: start worker process 29
2023/09/02 04:54:31 [notice] 1#1: start worker process 30
2023/09/02 04:54:31 [notice] 1#1: start worker process 31
2023/09/02 04:54:31 [notice] 1#1: start worker process 32
2023/09/02 04:54:31 [notice] 1#1: start worker process 33
2023/09/02 04:54:31 [notice] 1#1: start worker process 34
2023/09/02 04:54:31 [notice] 1#1: start worker process 35
2023/09/02 04:54:31 [notice] 1#1: start worker process 36
2023/09/02 04:54:31 [notice] 1#1: start worker process 37
2023/09/02 04:54:31 [notice] 1#1: start worker process 38
2023/09/02 04:54:31 [notice] 1#1: start worker process 39
2023/09/02 05:09:53 [notice] 40#40: signal process started
2023/09/02 05:09:53 [notice] 1#1: signal 10 (SIGUSR1) received from 40, reopening logs
2023/09/02 05:09:53 [notice] 1#1: reopening logs
2023/09/02 05:09:53 [notice] 28#28: reopening logs
2023/09/02 05:09:53 [notice] 29#29: reopening logs
2023/09/02 05:09:53 [notice] 30#30: reopening logs
2023/09/02 05:09:53 [notice] 31#31: reopening logs
2023/09/02 05:09:53 [notice] 32#32: reopening logs
2023/09/02 05:09:53 [notice] 33#33: reopening logs
2023/09/02 05:09:53 [notice] 34#34: reopening logs
2023/09/02 05:09:53 [notice] 35#35: reopening logs
2023/09/02 05:09:53 [notice] 36#36: reopening logs
2023/09/02 05:09:53 [notice] 38#38: reopening logs
2023/09/02 05:09:53 [notice] 39#39: reopening logs
2023/09/02 05:09:53 [notice] 37#37: reopening logs
2023/09/02 05:30:49 [notice] 1#1: using the "epoll" event method
2023/09/02 05:30:49 [notice] 1#1: nginx/1.24.0
2023/09/02 05:30:49 [notice] 1#1: built by gcc 10.2.1 20210110 (Debian 10.2.1-6) 
2023/09/02 05:30:49 [notice] 1#1: OS: Linux 5.4.72-microsoft-standard-WSL2
2023/09/02 05:30:49 [notice] 1#1: getrlimit(RLIMIT_NOFILE): 1048576:1048576
2023/09/02 05:30:49 [notice] 1#1: start worker processes
2023/09/02 05:30:49 [notice] 1#1: start worker process 28
2023/09/02 05:30:49 [notice] 1#1: start worker process 29
2023/09/02 05:30:49 [notice] 1#1: start worker process 30
2023/09/02 05:30:49 [notice] 1#1: start worker process 31
2023/09/02 05:30:49 [notice] 1#1: start worker process 32
2023/09/02 05:30:49 [notice] 1#1: start worker process 33
2023/09/02 05:30:49 [notice] 1#1: start worker process 34
2023/09/02 05:30:49 [notice] 1#1: start worker process 35
2023/09/02 05:30:49 [notice] 1#1: start worker process 36
2023/09/02 05:30:49 [notice] 1#1: start worker process 37
2023/09/02 05:30:49 [notice] 1#1: start worker process 38
2023/09/02 05:30:49 [notice] 1#1: start worker process 39
2023/09/02 05:35:06 [notice] 1#1: signal 3 (SIGQUIT) received, shutting down
2023/09/02 05:35:06 [notice] 28#28: gracefully shutting down
2023/09/02 05:35:06 [notice] 29#29: gracefully shutting down
2023/09/02 05:35:06 [notice] 32#32: gracefully shutting down
2023/09/02 05:35:06 [notice] 30#30: gracefully shutting down
2023/09/02 05:35:06 [notice] 33#33: gracefully shutting down
2023/09/02 05:35:06 [notice] 31#31: gracefully shutting down
2023/09/02 05:35:06 [notice] 30#30: exiting
2023/09/02 05:35:06 [notice] 34#34: gracefully shutting down
2023/09/02 05:35:06 [notice] 29#29: exiting
2023/09/02 05:35:06 [notice] 28#28: exiting
2023/09/02 05:35:06 [notice] 35#35: gracefully shutting down
2023/09/02 05:35:06 [notice] 37#37: gracefully shutting down
2023/09/02 05:35:06 [notice] 36#36: gracefully shutting down
2023/09/02 05:35:06 [notice] 33#33: exiting
2023/09/02 05:35:06 [notice] 34#34: exiting
2023/09/02 05:35:06 [notice] 39#39: gracefully shutting down
2023/09/02 05:35:06 [notice] 37#37: exiting
2023/09/02 05:35:06 [notice] 35#35: exiting
2023/09/02 05:35:06 [notice] 36#36: exiting
2023/09/02 05:35:06 [notice] 39#39: exiting
2023/09/02 05:35:06 [notice] 38#38: gracefully shutting down
2023/09/02 05:35:06 [notice] 38#38: exiting
2023/09/02 05:35:06 [notice] 38#38: exit
2023/09/02 05:35:06 [notice] 28#28: exit
2023/09/02 05:35:06 [notice] 29#29: exit
2023/09/02 05:35:06 [notice] 35#35: exit
2023/09/02 05:35:06 [notice] 30#30: exit
2023/09/02 05:35:06 [notice] 34#34: exit
2023/09/02 05:35:06 [notice] 33#33: exit
2023/09/02 05:35:06 [notice] 36#36: exit
2023/09/02 05:35:06 [notice] 37#37: exit
2023/09/02 05:35:06 [notice] 39#39: exit
2023/09/02 05:35:06 [notice] 32#32: exiting
2023/09/02 05:35:06 [notice] 32#32: exit
2023/09/02 05:35:06 [notice] 1#1: signal 17 (SIGCHLD) received from 38
2023/09/02 05:35:06 [notice] 1#1: worker process 38 exited with code 0
2023/09/02 05:35:06 [notice] 1#1: signal 29 (SIGIO) received
2023/09/02 05:35:06 [notice] 1#1: signal 17 (SIGCHLD) received from 29
2023/09/02 05:35:06 [notice] 1#1: worker process 28 exited with code 0
2023/09/02 05:35:06 [notice] 1#1: worker process 29 exited with code 0
2023/09/02 05:35:06 [notice] 1#1: worker process 30 exited with code 0
2023/09/02 05:35:06 [notice] 1#1: worker process 32 exited with code 0
2023/09/02 05:35:06 [notice] 1#1: worker process 33 exited with code 0
2023/09/02 05:35:06 [notice] 1#1: worker process 34 exited with code 0
2023/09/02 05:35:06 [notice] 1#1: worker process 35 exited with code 0
2023/09/02 05:35:06 [notice] 1#1: signal 29 (SIGIO) received
2023/09/02 05:35:06 [notice] 1#1: signal 17 (SIGCHLD) received from 33
2023/09/02 05:35:06 [notice] 1#1: signal 17 (SIGCHLD) received from 37
2023/09/02 05:35:06 [notice] 1#1: worker process 36 exited with code 0
2023/09/02 05:35:06 [notice] 1#1: worker process 37 exited with code 0
2023/09/02 05:35:06 [notice] 1#1: worker process 39 exited with code 0
2023/09/02 05:35:06 [notice] 1#1: signal 29 (SIGIO) received
2023/09/02 05:35:17 [notice] 1#1: using the "epoll" event method
2023/09/02 05:35:17 [notice] 1#1: nginx/1.24.0
2023/09/02 05:35:17 [notice] 1#1: built by gcc 10.2.1 20210110 (Debian 10.2.1-6) 
2023/09/02 05:35:17 [notice] 1#1: OS: Linux 5.4.72-microsoft-standard-WSL2
2023/09/02 05:35:17 [notice] 1#1: getrlimit(RLIMIT_NOFILE): 1048576:1048576
2023/09/02 05:35:17 [notice] 1#1: start worker processes
2023/09/02 05:35:17 [notice] 1#1: start worker process 28
2023/09/02 05:35:17 [notice] 1#1: start worker process 29
2023/09/02 05:35:17 [notice] 1#1: start worker process 30
2023/09/02 05:35:17 [notice] 1#1: start worker process 31
2023/09/02 05:35:17 [notice] 1#1: start worker process 32
2023/09/02 05:35:17 [notice] 1#1: start worker process 33
2023/09/02 05:35:17 [notice] 1#1: start worker process 34
2023/09/02 05:35:17 [notice] 1#1: start worker process 35
2023/09/02 05:35:17 [notice] 1#1: start worker process 36
2023/09/02 05:35:17 [notice] 1#1: start worker process 37
2023/09/02 05:35:17 [notice] 1#1: start worker process 38
2023/09/02 05:35:17 [notice] 1#1: start worker process 39
2023/09/02 05:35:47 [notice] 1#1: signal 3 (SIGQUIT) received, shutting down
2023/09/02 05:35:47 [notice] 28#28: gracefully shutting down
2023/09/02 05:35:47 [notice] 29#29: gracefully shutting down
2023/09/02 05:35:47 [notice] 30#30: gracefully shutting down
2023/09/02 05:35:47 [notice] 30#30: exiting
2023/09/02 05:35:47 [notice] 31#31: gracefully shutting down
2023/09/02 05:35:47 [notice] 32#32: gracefully shutting down
2023/09/02 05:35:47 [notice] 31#31: exiting
2023/09/02 05:35:47 [notice] 32#32: exiting
2023/09/02 05:35:47 [notice] 30#30: exit
2023/09/02 05:35:47 [notice] 34#34: gracefully shutting down
2023/09/02 05:35:47 [notice] 33#33: gracefully shutting down
2023/09/02 05:35:47 [notice] 29#29: exiting
2023/09/02 05:35:47 [notice] 31#31: exit
2023/09/02 05:35:47 [notice] 34#34: exiting
2023/09/02 05:35:47 [notice] 36#36: gracefully shutting down
2023/09/02 05:35:47 [notice] 33#33: exiting
2023/09/02 05:35:47 [notice] 32#32: exit
2023/09/02 05:35:47 [notice] 37#37: gracefully shutting down
2023/09/02 05:35:47 [notice] 29#29: exit
2023/09/02 05:35:47 [notice] 36#36: exiting
2023/09/02 05:35:47 [notice] 38#38: gracefully shutting down
2023/09/02 05:35:47 [notice] 33#33: exit
2023/09/02 05:35:47 [notice] 37#37: exiting
2023/09/02 05:35:47 [notice] 38#38: exiting
2023/09/02 05:35:47 [notice] 36#36: exit
2023/09/02 05:35:47 [notice] 34#34: exit
2023/09/02 05:35:47 [notice] 38#38: exit
2023/09/02 05:35:47 [notice] 35#35: gracefully shutting down
2023/09/02 05:35:47 [notice] 37#37: exit
2023/09/02 05:35:47 [notice] 35#35: exiting
2023/09/02 05:35:47 [notice] 35#35: exit
2023/09/02 05:35:47 [notice] 39#39: gracefully shutting down
2023/09/02 05:35:47 [notice] 39#39: exiting
2023/09/02 05:35:47 [notice] 39#39: exit
2023/09/02 05:35:47 [notice] 1#1: signal 17 (SIGCHLD) received from 37
2023/09/02 05:35:47 [notice] 1#1: worker process 31 exited with code 0
2023/09/02 05:35:47 [notice] 1#1: worker process 37 exited with code 0
2023/09/02 05:35:47 [notice] 1#1: worker process 38 exited with code 0
2023/09/02 05:35:47 [notice] 1#1: worker process 36 exited with code 0
2023/09/02 05:35:47 [notice] 1#1: worker process 39 exited with code 0
2023/09/02 05:35:47 [notice] 1#1: signal 29 (SIGIO) received
2023/09/02 05:35:47 [notice] 1#1: signal 17 (SIGCHLD) received from 31
2023/09/02 05:35:47 [notice] 1#1: signal 17 (SIGCHLD) received from 30
2023/09/02 05:35:47 [notice] 1#1: worker process 29 exited with code 0
2023/09/02 05:35:47 [notice] 1#1: worker process 30 exited with code 0
2023/09/02 05:35:47 [notice] 1#1: worker process 33 exited with code 0
2023/09/02 05:35:47 [notice] 1#1: worker process 34 exited with code 0
2023/09/02 05:35:47 [notice] 1#1: signal 29 (SIGIO) received
2023/09/02 05:35:47 [notice] 1#1: signal 17 (SIGCHLD) received from 35
2023/09/02 05:35:47 [notice] 1#1: worker process 32 exited with code 0
2023/09/02 05:35:47 [notice] 1#1: worker process 35 exited with code 0
2023/09/02 05:35:47 [notice] 1#1: signal 29 (SIGIO) received
2023/09/02 05:36:14 [notice] 1#1: using the "epoll" event method
2023/09/02 05:36:14 [notice] 1#1: nginx/1.24.0
2023/09/02 05:36:14 [notice] 1#1: built by gcc 10.2.1 20210110 (Debian 10.2.1-6) 
2023/09/02 05:36:14 [notice] 1#1: OS: Linux 5.4.72-microsoft-standard-WSL2
2023/09/02 05:36:14 [notice] 1#1: getrlimit(RLIMIT_NOFILE): 1048576:1048576
2023/09/02 05:36:14 [notice] 1#1: start worker processes
2023/09/02 05:36:14 [notice] 1#1: start worker process 29
2023/09/02 05:36:14 [notice] 1#1: start worker process 30
2023/09/02 05:36:14 [notice] 1#1: start worker process 31
2023/09/02 05:36:14 [notice] 1#1: start worker process 32
2023/09/02 05:36:14 [notice] 1#1: start worker process 33
2023/09/02 05:36:14 [notice] 1#1: start worker process 34
2023/09/02 05:36:14 [notice] 1#1: start worker process 35
2023/09/02 05:36:14 [notice] 1#1: start worker process 36
2023/09/02 05:36:14 [notice] 1#1: start worker process 37
2023/09/02 05:36:14 [notice] 1#1: start worker process 38
2023/09/02 05:36:14 [notice] 1#1: start worker process 39
2023/09/02 05:36:14 [notice] 1#1: start worker process 40
2023/09/02 05:37:14 [notice] 1#1: signal 3 (SIGQUIT) received, shutting down
2023/09/02 05:37:14 [notice] 29#29: gracefully shutting down
2023/09/02 05:37:14 [notice] 30#30: gracefully shutting down
2023/09/02 05:37:14 [notice] 31#31: gracefully shutting down
2023/09/02 05:37:14 [notice] 32#32: gracefully shutting down
2023/09/02 05:37:14 [notice] 30#30: exiting
2023/09/02 05:37:14 [notice] 33#33: gracefully shutting down
2023/09/02 05:37:14 [notice] 35#35: gracefully shutting down
2023/09/02 05:37:14 [notice] 31#31: exiting
2023/09/02 05:37:14 [notice] 35#35: exiting
2023/09/02 05:37:14 [notice] 33#33: exiting
2023/09/02 05:37:14 [notice] 36#36: gracefully shutting down
2023/09/02 05:37:14 [notice] 37#37: gracefully shutting down
2023/09/02 05:37:14 [notice] 34#34: gracefully shutting down
2023/09/02 05:37:14 [notice] 30#30: exit
2023/09/02 05:37:14 [notice] 31#31: exit
2023/09/02 05:37:14 [notice] 35#35: exit
2023/09/02 05:37:14 [notice] 38#38: gracefully shutting down
2023/09/02 05:37:14 [notice] 33#33: exit
2023/09/02 05:37:14 [notice] 32#32: exiting
2023/09/02 05:37:14 [notice] 34#34: exiting
2023/09/02 05:37:14 [notice] 36#36: exiting
2023/09/02 05:37:14 [notice] 32#32: exit
2023/09/02 05:37:14 [notice] 38#38: exiting
2023/09/02 05:37:14 [notice] 34#34: exit
2023/09/02 05:37:14 [notice] 36#36: exit
2023/09/02 05:37:14 [notice] 37#37: exiting
2023/09/02 05:37:14 [notice] 38#38: exit
2023/09/02 05:37:14 [notice] 37#37: exit
2023/09/02 05:37:14 [notice] 39#39: gracefully shutting down
2023/09/02 05:37:14 [notice] 40#40: gracefully shutting down
2023/09/02 05:37:14 [notice] 39#39: exiting
2023/09/02 05:37:14 [notice] 40#40: exiting
2023/09/02 05:37:14 [notice] 39#39: exit
2023/09/02 05:37:14 [notice] 40#40: exit
2023/09/02 05:37:14 [notice] 1#1: signal 17 (SIGCHLD) received from 32
2023/09/02 05:37:14 [notice] 1#1: worker process 32 exited with code 0
2023/09/02 05:37:14 [notice] 1#1: signal 29 (SIGIO) received
2023/09/02 05:37:14 [notice] 1#1: signal 17 (SIGCHLD) received from 40
2023/09/02 05:37:14 [notice] 1#1: worker process 30 exited with code 0
2023/09/02 05:37:14 [notice] 1#1: worker process 31 exited with code 0
2023/09/02 05:37:14 [notice] 1#1: worker process 36 exited with code 0
2023/09/02 05:37:14 [notice] 1#1: worker process 37 exited with code 0
2023/09/02 05:37:14 [notice] 1#1: worker process 40 exited with code 0
2023/09/02 05:37:14 [notice] 1#1: signal 29 (SIGIO) received
2023/09/02 05:37:14 [notice] 1#1: signal 17 (SIGCHLD) received from 31
2023/09/02 05:37:14 [notice] 1#1: signal 17 (SIGCHLD) received from 34
2023/09/02 05:37:14 [notice] 1#1: worker process 33 exited with code 0
2023/09/02 05:37:14 [notice] 1#1: worker process 34 exited with code 0
2023/09/02 05:37:14 [notice] 1#1: worker process 35 exited with code 0
2023/09/02 05:37:14 [notice] 1#1: worker process 38 exited with code 0
2023/09/02 05:37:14 [notice] 1#1: signal 29 (SIGIO) received
2023/09/02 05:37:14 [notice] 1#1: signal 17 (SIGCHLD) received from 35
2023/09/02 05:37:14 [notice] 1#1: signal 17 (SIGCHLD) received from 39
2023/09/02 05:37:14 [notice] 1#1: worker process 39 exited with code 0
2023/09/02 05:37:14 [notice] 1#1: signal 29 (SIGIO) received
2023/09/02 05:37:16 [notice] 29#29: exiting
2023/09/02 05:37:16 [notice] 29#29: exit
2023/09/02 05:37:16 [notice] 1#1: signal 17 (SIGCHLD) received from 29
2023/09/02 05:37:16 [notice] 1#1: worker process 29 exited with code 0
2023/09/02 05:37:16 [notice] 1#1: exit
2023/09/02 05:37:17 [notice] 1#1: using the "epoll" event method
2023/09/02 05:37:17 [notice] 1#1: nginx/1.24.0
2023/09/02 05:37:17 [notice] 1#1: built by gcc 10.2.1 20210110 (Debian 10.2.1-6) 
2023/09/02 05:37:17 [notice] 1#1: OS: Linux 5.4.72-microsoft-standard-WSL2
2023/09/02 05:37:17 [notice] 1#1: getrlimit(RLIMIT_NOFILE): 1048576:1048576
2023/09/02 05:37:17 [notice] 1#1: start worker processes
2023/09/02 05:37:17 [notice] 1#1: start worker process 28
2023/09/02 05:37:17 [notice] 1#1: start worker process 29
2023/09/02 05:37:17 [notice] 1#1: start worker process 30
2023/09/02 05:37:17 [notice] 1#1: start worker process 31
2023/09/02 05:37:17 [notice] 1#1: start worker process 32
2023/09/02 05:37:17 [notice] 1#1: start worker process 33
2023/09/02 05:37:17 [notice] 1#1: start worker process 34
2023/09/02 05:37:17 [notice] 1#1: start worker process 35
2023/09/02 05:37:17 [notice] 1#1: start worker process 36
2023/09/02 05:37:17 [notice] 1#1: start worker process 37
2023/09/02 05:37:17 [notice] 1#1: start worker process 38
2023/09/02 05:37:17 [notice] 1#1: start worker process 39
2023/09/02 05:45:02 [notice] 1#1: signal 3 (SIGQUIT) received, shutting down
2023/09/02 05:45:02 [notice] 29#29: gracefully shutting down
2023/09/02 05:45:02 [notice] 28#28: gracefully shutting down
2023/09/02 05:45:02 [notice] 30#30: gracefully shutting down
2023/09/02 05:45:02 [notice] 29#29: exiting
2023/09/02 05:45:02 [notice] 31#31: gracefully shutting down
2023/09/02 05:45:02 [notice] 32#32: gracefully shutting down
2023/09/02 05:45:02 [notice] 33#33: gracefully shutting down
2023/09/02 05:45:02 [notice] 34#34: gracefully shutting down
2023/09/02 05:45:02 [notice] 35#35: gracefully shutting down
2023/09/02 05:45:02 [notice] 33#33: exiting
2023/09/02 05:45:02 [notice] 37#37: gracefully shutting down
2023/09/02 05:45:02 [notice] 29#29: exit
2023/09/02 05:45:02 [notice] 30#30: exiting
2023/09/02 05:45:02 [notice] 38#38: gracefully shutting down
2023/09/02 05:45:02 [notice] 31#31: exiting
2023/09/02 05:45:02 [notice] 36#36: gracefully shutting down
2023/09/02 05:45:02 [notice] 34#34: exiting
2023/09/02 05:45:02 [notice] 35#35: exiting
2023/09/02 05:45:02 [notice] 33#33: exit
2023/09/02 05:45:02 [notice] 39#39: gracefully shutting down
2023/09/02 05:45:02 [notice] 28#28: exiting
2023/09/02 05:45:02 [notice] 30#30: exit
2023/09/02 05:45:02 [notice] 32#32: exiting
2023/09/02 05:45:02 [notice] 34#34: exit
2023/09/02 05:45:02 [notice] 31#31: exit
2023/09/02 05:45:02 [notice] 35#35: exit
2023/09/02 05:45:02 [notice] 28#28: exit
2023/09/02 05:45:02 [notice] 36#36: exiting
2023/09/02 05:45:02 [notice] 37#37: exiting
2023/09/02 05:45:02 [notice] 38#38: exiting
2023/09/02 05:45:02 [notice] 32#32: exit
2023/09/02 05:45:02 [notice] 39#39: exiting
2023/09/02 05:45:02 [notice] 36#36: exit
2023/09/02 05:45:02 [notice] 38#38: exit
2023/09/02 05:45:02 [notice] 37#37: exit
2023/09/02 05:45:02 [notice] 39#39: exit
2023/09/02 05:45:02 [notice] 1#1: signal 17 (SIGCHLD) received from 39
2023/09/02 05:45:02 [notice] 1#1: worker process 28 exited with code 0
2023/09/02 05:45:02 [notice] 1#1: worker process 29 exited with code 0
2023/09/02 05:45:02 [notice] 1#1: worker process 31 exited with code 0
2023/09/02 05:45:02 [notice] 1#1: worker process 37 exited with code 0
2023/09/02 05:45:02 [notice] 1#1: worker process 38 exited with code 0
2023/09/02 05:45:02 [notice] 1#1: worker process 39 exited with code 0
2023/09/02 05:45:02 [notice] 1#1: signal 29 (SIGIO) received
2023/09/02 05:45:02 [notice] 1#1: signal 17 (SIGCHLD) received from 31
2023/09/02 05:45:02 [notice] 1#1: signal 17 (SIGCHLD) received from 32
2023/09/02 05:45:02 [notice] 1#1: worker process 30 exited with code 0
2023/09/02 05:45:02 [notice] 1#1: worker process 32 exited with code 0
2023/09/02 05:45:02 [notice] 1#1: worker process 33 exited with code 0
2023/09/02 05:45:02 [notice] 1#1: worker process 35 exited with code 0
2023/09/02 05:45:02 [notice] 1#1: worker process 36 exited with code 0
2023/09/02 05:45:02 [notice] 1#1: signal 29 (SIGIO) received
2023/09/02 05:45:02 [notice] 1#1: signal 17 (SIGCHLD) received from 30
2023/09/02 05:45:02 [notice] 1#1: signal 17 (SIGCHLD) received from 34
2023/09/02 05:45:02 [notice] 1#1: worker process 34 exited with code 0
2023/09/02 05:45:02 [notice] 1#1: exit
2023/09/02 05:45:03 [notice] 1#1: using the "epoll" event method
2023/09/02 05:45:03 [notice] 1#1: nginx/1.24.0
2023/09/02 05:45:03 [notice] 1#1: built by gcc 10.2.1 20210110 (Debian 10.2.1-6) 
2023/09/02 05:45:03 [notice] 1#1: OS: Linux 5.4.72-microsoft-standard-WSL2
2023/09/02 05:45:03 [notice] 1#1: getrlimit(RLIMIT_NOFILE): 1048576:1048576
2023/09/02 05:45:03 [notice] 1#1: start worker processes
2023/09/02 05:45:03 [notice] 1#1: start worker process 28
2023/09/02 05:45:03 [notice] 1#1: start worker process 29
2023/09/02 05:45:03 [notice] 1#1: start worker process 30
2023/09/02 05:45:03 [notice] 1#1: start worker process 31
2023/09/02 05:45:03 [notice] 1#1: start worker process 32
2023/09/02 05:45:03 [notice] 1#1: start worker process 33
2023/09/02 05:45:03 [notice] 1#1: start worker process 34
2023/09/02 05:45:03 [notice] 1#1: start worker process 35
2023/09/02 05:45:03 [notice] 1#1: start worker process 36
2023/09/02 05:45:03 [notice] 1#1: start worker process 37
2023/09/02 05:45:03 [notice] 1#1: start worker process 38
2023/09/02 05:45:03 [notice] 1#1: start worker process 39
2023/09/02 05:46:43 [notice] 1#1: signal 3 (SIGQUIT) received, shutting down
2023/09/02 05:46:43 [notice] 28#28: gracefully shutting down
2023/09/02 05:46:43 [notice] 29#29: gracefully shutting down
2023/09/02 05:46:43 [notice] 28#28: exiting
2023/09/02 05:46:43 [notice] 31#31: gracefully shutting down
2023/09/02 05:46:43 [notice] 30#30: gracefully shutting down
2023/09/02 05:46:43 [notice] 32#32: gracefully shutting down
2023/09/02 05:46:43 [notice] 33#33: gracefully shutting down
2023/09/02 05:46:43 [notice] 34#34: gracefully shutting down
2023/09/02 05:46:43 [notice] 32#32: exiting
2023/09/02 05:46:43 [notice] 35#35: gracefully shutting down
2023/09/02 05:46:43 [notice] 30#30: exiting
2023/09/02 05:46:43 [notice] 29#29: exiting
2023/09/02 05:46:43 [notice] 35#35: exiting
2023/09/02 05:46:43 [notice] 36#36: gracefully shutting down
2023/09/02 05:46:43 [notice] 33#33: exiting
2023/09/02 05:46:43 [notice] 28#28: exit
2023/09/02 05:46:43 [notice] 37#37: gracefully shutting down
2023/09/02 05:46:43 [notice] 32#32: exit
2023/09/02 05:46:43 [notice] 31#31: exiting
2023/09/02 05:46:43 [notice] 29#29: exit
2023/09/02 05:46:43 [notice] 30#30: exit
2023/09/02 05:46:43 [notice] 37#37: exiting
2023/09/02 05:46:43 [notice] 35#35: exit
2023/09/02 05:46:43 [notice] 38#38: gracefully shutting down
2023/09/02 05:46:43 [notice] 34#34: exiting
2023/09/02 05:46:43 [notice] 33#33: exit
2023/09/02 05:46:43 [notice] 31#31: exit
2023/09/02 05:46:43 [notice] 37#37: exit
2023/09/02 05:46:43 [notice] 36#36: exiting
2023/09/02 05:46:43 [notice] 38#38: exiting
2023/09/02 05:46:43 [notice] 34#34: exit
2023/09/02 05:46:43 [notice] 36#36: exit
2023/09/02 05:46:43 [notice] 39#39: gracefully shutting down
2023/09/02 05:46:43 [notice] 38#38: exit
2023/09/02 05:46:43 [notice] 39#39: exiting
2023/09/02 05:46:43 [notice] 39#39: exit
2023/09/02 05:46:43 [notice] 1#1: signal 17 (SIGCHLD) received from 35
2023/09/02 05:46:43 [notice] 1#1: worker process 35 exited with code 0
2023/09/02 05:46:43 [notice] 1#1: worker process 29 exited with code 0
2023/09/02 05:46:43 [notice] 1#1: worker process 30 exited with code 0
2023/09/02 05:46:43 [notice] 1#1: worker process 31 exited with code 0
2023/09/02 05:46:43 [notice] 1#1: worker process 34 exited with code 0
2023/09/02 05:46:43 [notice] 1#1: worker process 38 exited with code 0
2023/09/02 05:46:43 [notice] 1#1: signal 29 (SIGIO) received
2023/09/02 05:46:43 [notice] 1#1: signal 17 (SIGCHLD) received from 29
2023/09/02 05:46:43 [notice] 1#1: worker process 33 exited with code 0
2023/09/02 05:46:43 [notice] 1#1: worker process 36 exited with code 0
2023/09/02 05:46:43 [notice] 1#1: worker process 39 exited with code 0
2023/09/02 05:46:43 [notice] 1#1: signal 29 (SIGIO) received
2023/09/02 05:46:43 [notice] 1#1: signal 17 (SIGCHLD) received from 32
2023/09/02 05:46:43 [notice] 1#1: worker process 28 exited with code 0
2023/09/02 05:46:43 [notice] 1#1: worker process 32 exited with code 0
2023/09/02 05:46:43 [notice] 1#1: signal 29 (SIGIO) received
2023/09/02 05:46:43 [notice] 1#1: signal 17 (SIGCHLD) received from 28
2023/09/02 05:46:43 [notice] 1#1: signal 17 (SIGCHLD) received from 37
2023/09/02 05:46:43 [notice] 1#1: worker process 37 exited with code 0
2023/09/02 05:46:43 [notice] 1#1: exit
2023/09/02 05:46:44 [notice] 1#1: using the "epoll" event method
2023/09/02 05:46:44 [notice] 1#1: nginx/1.24.0
2023/09/02 05:46:44 [notice] 1#1: built by gcc 10.2.1 20210110 (Debian 10.2.1-6) 
2023/09/02 05:46:44 [notice] 1#1: OS: Linux 5.4.72-microsoft-standard-WSL2
2023/09/02 05:46:44 [notice] 1#1: getrlimit(RLIMIT_NOFILE): 1048576:1048576
2023/09/02 05:46:44 [notice] 1#1: start worker processes
2023/09/02 05:46:44 [notice] 1#1: start worker process 29
2023/09/02 05:46:44 [notice] 1#1: start worker process 30
2023/09/02 05:46:44 [notice] 1#1: start worker process 31
2023/09/02 05:46:44 [notice] 1#1: start worker process 32
2023/09/02 05:46:44 [notice] 1#1: start worker process 33
2023/09/02 05:46:44 [notice] 1#1: start worker process 34
2023/09/02 05:46:44 [notice] 1#1: start worker process 35
2023/09/02 05:46:44 [notice] 1#1: start worker process 36
2023/09/02 05:46:44 [notice] 1#1: start worker process 37
2023/09/02 05:46:44 [notice] 1#1: start worker process 38
2023/09/02 05:46:44 [notice] 1#1: start worker process 39
2023/09/02 05:46:44 [notice] 1#1: start worker process 40
2023/09/02 05:49:09 [notice] 1#1: signal 3 (SIGQUIT) received, shutting down
2023/09/02 05:49:09 [notice] 29#29: gracefully shutting down
2023/09/02 05:49:09 [notice] 30#30: gracefully shutting down
2023/09/02 05:49:09 [notice] 29#29: exiting
2023/09/02 05:49:09 [notice] 32#32: gracefully shutting down
2023/09/02 05:49:09 [notice] 31#31: gracefully shutting down
2023/09/02 05:49:09 [notice] 34#34: gracefully shutting down
2023/09/02 05:49:09 [notice] 30#30: exiting
2023/09/02 05:49:09 [notice] 33#33: gracefully shutting down
2023/09/02 05:49:09 [notice] 29#29: exit
2023/09/02 05:49:09 [notice] 35#35: gracefully shutting down
2023/09/02 05:49:09 [notice] 30#30: exit
2023/09/02 05:49:09 [notice] 31#31: exiting
2023/09/02 05:49:09 [notice] 34#34: exiting
2023/09/02 05:49:09 [notice] 37#37: gracefully shutting down
2023/09/02 05:49:09 [notice] 33#33: exiting
2023/09/02 05:49:09 [notice] 36#36: gracefully shutting down
2023/09/02 05:49:09 [notice] 40#40: gracefully shutting down
2023/09/02 05:49:09 [notice] 38#38: gracefully shutting down
2023/09/02 05:49:09 [notice] 31#31: exit
2023/09/02 05:49:09 [notice] 35#35: exiting
2023/09/02 05:49:09 [notice] 34#34: exit
2023/09/02 05:49:09 [notice] 32#32: exiting
2023/09/02 05:49:09 [notice] 36#36: exiting
2023/09/02 05:49:09 [notice] 40#40: exiting
2023/09/02 05:49:09 [notice] 37#37: exiting
2023/09/02 05:49:09 [notice] 35#35: exit
2023/09/02 05:49:09 [notice] 38#38: exiting
2023/09/02 05:49:09 [notice] 36#36: exit
2023/09/02 05:49:09 [notice] 40#40: exit
2023/09/02 05:49:09 [notice] 37#37: exit
2023/09/02 05:49:09 [notice] 32#32: exit
2023/09/02 05:49:09 [notice] 38#38: exit
2023/09/02 05:49:09 [notice] 33#33: exit
2023/09/02 05:49:09 [notice] 39#39: gracefully shutting down
2023/09/02 05:49:09 [notice] 39#39: exiting
2023/09/02 05:49:09 [notice] 39#39: exit
2023/09/02 05:49:09 [notice] 1#1: signal 17 (SIGCHLD) received from 31
2023/09/02 05:49:09 [notice] 1#1: worker process 29 exited with code 0
2023/09/02 05:49:09 [notice] 1#1: worker process 30 exited with code 0
2023/09/02 05:49:09 [notice] 1#1: worker process 31 exited with code 0
2023/09/02 05:49:09 [notice] 1#1: worker process 33 exited with code 0
2023/09/02 05:49:09 [notice] 1#1: worker process 34 exited with code 0
2023/09/02 05:49:09 [notice] 1#1: worker process 35 exited with code 0
2023/09/02 05:49:09 [notice] 1#1: worker process 36 exited with code 0
2023/09/02 05:49:09 [notice] 1#1: worker process 38 exited with code 0
2023/09/02 05:49:09 [notice] 1#1: worker process 39 exited with code 0
2023/09/02 05:49:09 [notice] 1#1: signal 29 (SIGIO) received
2023/09/02 05:49:09 [notice] 1#1: signal 17 (SIGCHLD) received from 34
2023/09/02 05:49:09 [notice] 1#1: signal 17 (SIGCHLD) received from 40
2023/09/02 05:49:09 [notice] 1#1: worker process 40 exited with code 0
2023/09/02 05:49:09 [notice] 1#1: signal 29 (SIGIO) received
2023/09/02 05:49:09 [notice] 1#1: signal 17 (SIGCHLD) received from 37
2023/09/02 05:49:09 [notice] 1#1: worker process 37 exited with code 0
2023/09/02 05:49:09 [notice] 1#1: signal 29 (SIGIO) received
2023/09/02 05:49:09 [notice] 1#1: signal 17 (SIGCHLD) received from 32
2023/09/02 05:49:09 [notice] 1#1: worker process 32 exited with code 0
2023/09/02 05:49:09 [notice] 1#1: exit
2023/09/02 05:49:10 [notice] 1#1: using the "epoll" event method
2023/09/02 05:49:10 [notice] 1#1: nginx/1.24.0
2023/09/02 05:49:10 [notice] 1#1: built by gcc 10.2.1 20210110 (Debian 10.2.1-6) 
2023/09/02 05:49:10 [notice] 1#1: OS: Linux 5.4.72-microsoft-standard-WSL2
2023/09/02 05:49:10 [notice] 1#1: getrlimit(RLIMIT_NOFILE): 1048576:1048576
2023/09/02 05:49:10 [notice] 1#1: start worker processes
2023/09/02 05:49:10 [notice] 1#1: start worker process 28
2023/09/02 05:49:10 [notice] 1#1: start worker process 29
2023/09/02 05:49:10 [notice] 1#1: start worker process 30
2023/09/02 05:49:10 [notice] 1#1: start worker process 31
2023/09/02 05:49:10 [notice] 1#1: start worker process 32
2023/09/02 05:49:10 [notice] 1#1: start worker process 33
2023/09/02 05:49:10 [notice] 1#1: start worker process 34
2023/09/02 05:49:10 [notice] 1#1: start worker process 35
2023/09/02 05:49:10 [notice] 1#1: start worker process 36
2023/09/02 05:49:10 [notice] 1#1: start worker process 37
2023/09/02 05:49:10 [notice] 1#1: start worker process 38
2023/09/02 05:49:10 [notice] 1#1: start worker process 39
2023/09/02 05:49:42 [notice] 1#1: signal 3 (SIGQUIT) received, shutting down
2023/09/02 05:49:42 [notice] 28#28: gracefully shutting down
2023/09/02 05:49:42 [notice] 30#30: gracefully shutting down
2023/09/02 05:49:42 [notice] 29#29: gracefully shutting down
2023/09/02 05:49:42 [notice] 30#30: exiting
2023/09/02 05:49:42 [notice] 33#33: gracefully shutting down
2023/09/02 05:49:42 [notice] 29#29: exiting
2023/09/02 05:49:42 [notice] 36#36: gracefully shutting down
2023/09/02 05:49:42 [notice] 33#33: exiting
2023/09/02 05:49:42 [notice] 37#37: gracefully shutting down
2023/09/02 05:49:42 [notice] 32#32: gracefully shutting down
2023/09/02 05:49:42 [notice] 36#36: exiting
2023/09/02 05:49:42 [notice] 29#29: exit
2023/09/02 05:49:42 [notice] 30#30: exit
2023/09/02 05:49:42 [notice] 37#37: exiting
2023/09/02 05:49:42 [notice] 32#32: exiting
2023/09/02 05:49:42 [notice] 33#33: exit
2023/09/02 05:49:42 [notice] 38#38: gracefully shutting down
2023/09/02 05:49:42 [notice] 36#36: exit
2023/09/02 05:49:42 [notice] 37#37: exit
2023/09/02 05:49:42 [notice] 38#38: exiting
2023/09/02 05:49:42 [notice] 32#32: exit
2023/09/02 05:49:42 [notice] 38#38: exit
2023/09/02 05:49:42 [notice] 39#39: gracefully shutting down
2023/09/02 05:49:42 [notice] 35#35: gracefully shutting down
2023/09/02 05:49:42 [notice] 39#39: exiting
2023/09/02 05:49:42 [notice] 35#35: exiting
2023/09/02 05:49:42 [notice] 31#31: gracefully shutting down
2023/09/02 05:49:42 [notice] 31#31: exiting
2023/09/02 05:49:42 [notice] 35#35: exit
2023/09/02 05:49:42 [notice] 34#34: gracefully shutting down
2023/09/02 05:49:42 [notice] 34#34: exiting
2023/09/02 05:49:42 [notice] 39#39: exit
2023/09/02 05:49:42 [notice] 34#34: exit
2023/09/02 05:49:42 [notice] 31#31: exit
2023/09/02 05:49:42 [notice] 1#1: signal 17 (SIGCHLD) received from 38
2023/09/02 05:49:42 [notice] 1#1: worker process 29 exited with code 0
2023/09/02 05:49:42 [notice] 1#1: worker process 38 exited with code 0
2023/09/02 05:49:42 [notice] 1#1: signal 29 (SIGIO) received
2023/09/02 05:49:42 [notice] 1#1: signal 17 (SIGCHLD) received from 32
2023/09/02 05:49:42 [notice] 1#1: worker process 30 exited with code 0
2023/09/02 05:49:42 [notice] 1#1: worker process 32 exited with code 0
2023/09/02 05:49:42 [notice] 1#1: worker process 33 exited with code 0
2023/09/02 05:49:42 [notice] 1#1: worker process 34 exited with code 0
2023/09/02 05:49:42 [notice] 1#1: worker process 35 exited with code 0
2023/09/02 05:49:42 [notice] 1#1: worker process 36 exited with code 0
2023/09/02 05:49:42 [notice] 1#1: worker process 39 exited with code 0
2023/09/02 05:49:42 [notice] 1#1: signal 29 (SIGIO) received
2023/09/02 05:49:42 [notice] 1#1: signal 17 (SIGCHLD) received from 30
2023/09/02 05:49:42 [notice] 1#1: worker process 31 exited with code 0
2023/09/02 05:49:42 [notice] 1#1: signal 29 (SIGIO) received
2023/09/02 05:49:42 [notice] 1#1: signal 17 (SIGCHLD) received from 37
2023/09/02 05:49:42 [notice] 1#1: worker process 37 exited with code 0
2023/09/02 05:49:42 [notice] 1#1: signal 29 (SIGIO) received
2023/09/02 05:49:48 [notice] 28#28: exiting
2023/09/02 05:49:48 [notice] 28#28: exit
2023/09/02 05:49:48 [notice] 1#1: signal 17 (SIGCHLD) received from 28
2023/09/02 05:49:48 [notice] 1#1: worker process 28 exited with code 0
2023/09/02 05:49:48 [notice] 1#1: exit
2023/09/02 05:49:49 [notice] 1#1: using the "epoll" event method
2023/09/02 05:49:49 [notice] 1#1: nginx/1.24.0
2023/09/02 05:49:49 [notice] 1#1: built by gcc 10.2.1 20210110 (Debian 10.2.1-6) 
2023/09/02 05:49:49 [notice] 1#1: OS: Linux 5.4.72-microsoft-standard-WSL2
2023/09/02 05:49:49 [notice] 1#1: getrlimit(RLIMIT_NOFILE): 1048576:1048576
2023/09/02 05:49:49 [notice] 1#1: start worker processes
2023/09/02 05:49:49 [notice] 1#1: start worker process 29
2023/09/02 05:49:49 [notice] 1#1: start worker process 30
2023/09/02 05:49:49 [notice] 1#1: start worker process 31
2023/09/02 05:49:49 [notice] 1#1: start worker process 32
2023/09/02 05:49:49 [notice] 1#1: start worker process 33
2023/09/02 05:49:49 [notice] 1#1: start worker process 34
2023/09/02 05:49:49 [notice] 1#1: start worker process 35
2023/09/02 05:49:49 [notice] 1#1: start worker process 36
2023/09/02 05:49:49 [notice] 1#1: start worker process 37
2023/09/02 05:49:49 [notice] 1#1: start worker process 38
2023/09/02 05:49:49 [notice] 1#1: start worker process 39
2023/09/02 05:49:49 [notice] 1#1: start worker process 40
2023/09/02 06:01:34 [notice] 1#1: signal 3 (SIGQUIT) received, shutting down
2023/09/02 06:01:34 [notice] 30#30: gracefully shutting down
2023/09/02 06:01:34 [notice] 31#31: gracefully shutting down
2023/09/02 06:01:34 [notice] 29#29: gracefully shutting down
2023/09/02 06:01:34 [notice] 32#32: gracefully shutting down
2023/09/02 06:01:34 [notice] 30#30: exiting
2023/09/02 06:01:34 [notice] 33#33: gracefully shutting down
2023/09/02 06:01:34 [notice] 34#34: gracefully shutting down
2023/09/02 06:01:34 [notice] 31#31: exiting
2023/09/02 06:01:34 [notice] 29#29: exiting
2023/09/02 06:01:34 [notice] 32#32: exiting
2023/09/02 06:01:34 [notice] 35#35: gracefully shutting down
2023/09/02 06:01:34 [notice] 30#30: exit
2023/09/02 06:01:34 [notice] 36#36: gracefully shutting down
2023/09/02 06:01:34 [notice] 37#37: gracefully shutting down
2023/09/02 06:01:34 [notice] 31#31: exit
2023/09/02 06:01:34 [notice] 34#34: exiting
2023/09/02 06:01:34 [notice] 29#29: exit
2023/09/02 06:01:34 [notice] 35#35: exiting
2023/09/02 06:01:34 [notice] 39#39: gracefully shutting down
2023/09/02 06:01:34 [notice] 32#32: exit
2023/09/02 06:01:34 [notice] 34#34: exit
2023/09/02 06:01:34 [notice] 35#35: exit
2023/09/02 06:01:34 [notice] 38#38: gracefully shutting down
2023/09/02 06:01:34 [notice] 36#36: exiting
2023/09/02 06:01:34 [notice] 37#37: exiting
2023/09/02 06:01:34 [notice] 39#39: exiting
2023/09/02 06:01:34 [notice] 40#40: gracefully shutting down
2023/09/02 06:01:34 [notice] 36#36: exit
2023/09/02 06:01:34 [notice] 39#39: exit
2023/09/02 06:01:34 [notice] 33#33: exiting
2023/09/02 06:01:34 [notice] 37#37: exit
2023/09/02 06:01:34 [notice] 38#38: exiting
2023/09/02 06:01:34 [notice] 40#40: exiting
2023/09/02 06:01:34 [notice] 33#33: exit
2023/09/02 06:01:34 [notice] 38#38: exit
2023/09/02 06:01:34 [notice] 40#40: exit
2023/09/02 06:01:34 [notice] 1#1: signal 17 (SIGCHLD) received from 32
2023/09/02 06:01:34 [notice] 1#1: worker process 32 exited with code 0
2023/09/02 06:01:34 [notice] 1#1: worker process 35 exited with code 0
2023/09/02 06:01:34 [notice] 1#1: worker process 37 exited with code 0
2023/09/02 06:01:34 [notice] 1#1: signal 29 (SIGIO) received
2023/09/02 06:01:34 [notice] 1#1: signal 17 (SIGCHLD) received from 38
2023/09/02 06:01:34 [notice] 1#1: worker process 29 exited with code 0
2023/09/02 06:01:34 [notice] 1#1: worker process 30 exited with code 0
2023/09/02 06:01:34 [notice] 1#1: worker process 31 exited with code 0
2023/09/02 06:01:34 [notice] 1#1: worker process 36 exited with code 0
2023/09/02 06:01:34 [notice] 1#1: worker process 38 exited with code 0
2023/09/02 06:01:34 [notice] 1#1: worker process 40 exited with code 0
2023/09/02 06:01:34 [notice] 1#1: signal 29 (SIGIO) received
2023/09/02 06:01:34 [notice] 1#1: signal 17 (SIGCHLD) received from 40
2023/09/02 06:01:34 [notice] 1#1: signal 17 (SIGCHLD) received from 39
2023/09/02 06:01:34 [notice] 1#1: worker process 34 exited with code 0
2023/09/02 06:01:34 [notice] 1#1: worker process 39 exited with code 0
2023/09/02 06:01:34 [notice] 1#1: signal 29 (SIGIO) received
2023/09/02 06:01:34 [notice] 1#1: signal 17 (SIGCHLD) received from 33
2023/09/02 06:01:34 [notice] 1#1: worker process 33 exited with code 0
2023/09/02 06:01:34 [notice] 1#1: exit
2023/09/02 06:01:35 [notice] 1#1: using the "epoll" event method
2023/09/02 06:01:35 [notice] 1#1: nginx/1.24.0
2023/09/02 06:01:35 [notice] 1#1: built by gcc 10.2.1 20210110 (Debian 10.2.1-6) 
2023/09/02 06:01:35 [notice] 1#1: OS: Linux 5.4.72-microsoft-standard-WSL2
2023/09/02 06:01:35 [notice] 1#1: getrlimit(RLIMIT_NOFILE): 1048576:1048576
2023/09/02 06:01:35 [notice] 1#1: start worker processes
2023/09/02 06:01:35 [notice] 1#1: start worker process 28
2023/09/02 06:01:35 [notice] 1#1: start worker process 29
2023/09/02 06:01:35 [notice] 1#1: start worker process 30
2023/09/02 06:01:35 [notice] 1#1: start worker process 31
2023/09/02 06:01:35 [notice] 1#1: start worker process 32
2023/09/02 06:01:35 [notice] 1#1: start worker process 33
2023/09/02 06:01:35 [notice] 1#1: start worker process 34
2023/09/02 06:01:35 [notice] 1#1: start worker process 35
2023/09/02 06:01:35 [notice] 1#1: start worker process 36
2023/09/02 06:01:35 [notice] 1#1: start worker process 37
2023/09/02 06:01:35 [notice] 1#1: start worker process 38
2023/09/02 06:01:35 [notice] 1#1: start worker process 39
2023/09/02 06:02:01 [notice] 1#1: signal 3 (SIGQUIT) received, shutting down
2023/09/02 06:02:01 [notice] 28#28: gracefully shutting down
2023/09/02 06:02:01 [notice] 29#29: gracefully shutting down
2023/09/02 06:02:01 [notice] 30#30: gracefully shutting down
2023/09/02 06:02:01 [notice] 31#31: gracefully shutting down
2023/09/02 06:02:01 [notice] 32#32: gracefully shutting down
2023/09/02 06:02:01 [notice] 30#30: exiting
2023/09/02 06:02:01 [notice] 34#34: gracefully shutting down
2023/09/02 06:02:01 [notice] 31#31: exiting
2023/09/02 06:02:01 [notice] 33#33: gracefully shutting down
2023/09/02 06:02:01 [notice] 34#34: exiting
2023/09/02 06:02:01 [notice] 30#30: exit
2023/09/02 06:02:01 [notice] 38#38: gracefully shutting down
2023/09/02 06:02:01 [notice] 36#36: gracefully shutting down
2023/09/02 06:02:01 [notice] 28#28: exiting
2023/09/02 06:02:01 [notice] 35#35: gracefully shutting down
2023/09/02 06:02:01 [notice] 38#38: exiting
2023/09/02 06:02:01 [notice] 33#33: exiting
2023/09/02 06:02:01 [notice] 34#34: exit
2023/09/02 06:02:01 [notice] 35#35: exiting
2023/09/02 06:02:01 [notice] 31#31: exit
2023/09/02 06:02:01 [notice] 36#36: exiting
2023/09/02 06:02:01 [notice] 28#28: exit
2023/09/02 06:02:01 [notice] 38#38: exit
2023/09/02 06:02:01 [notice] 32#32: exiting
2023/09/02 06:02:01 [notice] 35#35: exit
2023/09/02 06:02:01 [notice] 36#36: exit
2023/09/02 06:02:01 [notice] 33#33: exit
2023/09/02 06:02:01 [notice] 32#32: exit
2023/09/02 06:02:01 [notice] 37#37: gracefully shutting down
2023/09/02 06:02:01 [notice] 37#37: exiting
2023/09/02 06:02:01 [notice] 39#39: gracefully shutting down
2023/09/02 06:02:01 [notice] 37#37: exit
2023/09/02 06:02:01 [notice] 39#39: exiting
2023/09/02 06:02:01 [notice] 39#39: exit
2023/09/02 06:02:01 [notice] 1#1: signal 17 (SIGCHLD) received from 38
2023/09/02 06:02:01 [notice] 1#1: worker process 28 exited with code 0
2023/09/02 06:02:01 [notice] 1#1: worker process 30 exited with code 0
2023/09/02 06:02:01 [notice] 1#1: worker process 31 exited with code 0
2023/09/02 06:02:01 [notice] 1#1: worker process 33 exited with code 0
2023/09/02 06:02:01 [notice] 1#1: worker process 34 exited with code 0
2023/09/02 06:02:01 [notice] 1#1: worker process 36 exited with code 0
2023/09/02 06:02:01 [notice] 1#1: worker process 37 exited with code 0
2023/09/02 06:02:01 [notice] 1#1: worker process 38 exited with code 0
2023/09/02 06:02:01 [notice] 1#1: worker process 39 exited with code 0
2023/09/02 06:02:01 [notice] 1#1: signal 29 (SIGIO) received
2023/09/02 06:02:01 [notice] 1#1: signal 17 (SIGCHLD) received from 36
2023/09/02 06:02:01 [notice] 1#1: signal 17 (SIGCHLD) received from 32
2023/09/02 06:02:01 [notice] 1#1: worker process 32 exited with code 0
2023/09/02 06:02:01 [notice] 1#1: worker process 35 exited with code 0
2023/09/02 06:02:01 [notice] 1#1: signal 29 (SIGIO) received
2023/09/02 06:02:01 [notice] 1#1: signal 17 (SIGCHLD) received from 35
2023/09/02 06:02:12 [notice] 1#1: using the "epoll" event method
2023/09/02 06:02:12 [notice] 1#1: nginx/1.24.0
2023/09/02 06:02:12 [notice] 1#1: built by gcc 10.2.1 20210110 (Debian 10.2.1-6) 
2023/09/02 06:02:12 [notice] 1#1: OS: Linux 5.4.72-microsoft-standard-WSL2
2023/09/02 06:02:12 [notice] 1#1: getrlimit(RLIMIT_NOFILE): 1048576:1048576
2023/09/02 06:02:12 [notice] 1#1: start worker processes
2023/09/02 06:02:12 [notice] 1#1: start worker process 28
2023/09/02 06:02:12 [notice] 1#1: start worker process 29
2023/09/02 06:02:12 [notice] 1#1: start worker process 30
2023/09/02 06:02:12 [notice] 1#1: start worker process 31
2023/09/02 06:02:12 [notice] 1#1: start worker process 32
2023/09/02 06:02:12 [notice] 1#1: start worker process 33
2023/09/02 06:02:12 [notice] 1#1: start worker process 34
2023/09/02 06:02:12 [notice] 1#1: start worker process 35
2023/09/02 06:02:12 [notice] 1#1: start worker process 36
2023/09/02 06:02:12 [notice] 1#1: start worker process 37
2023/09/02 06:02:12 [notice] 1#1: start worker process 38
2023/09/02 06:02:12 [notice] 1#1: start worker process 39
2023/09/02 06:14:30 [notice] 1#1: signal 3 (SIGQUIT) received, shutting down
2023/09/02 06:14:30 [notice] 28#28: gracefully shutting down
2023/09/02 06:14:30 [notice] 29#29: gracefully shutting down
2023/09/02 06:14:30 [notice] 30#30: gracefully shutting down
2023/09/02 06:14:30 [notice] 31#31: gracefully shutting down
2023/09/02 06:14:30 [notice] 29#29: exiting
2023/09/02 06:14:30 [notice] 32#32: gracefully shutting down
2023/09/02 06:14:30 [notice] 30#30: exiting
2023/09/02 06:14:30 [notice] 31#31: exiting
2023/09/02 06:14:30 [notice] 33#33: gracefully shutting down
2023/09/02 06:14:30 [notice] 32#32: exiting
2023/09/02 06:14:30 [notice] 35#35: gracefully shutting down
2023/09/02 06:14:30 [notice] 34#34: gracefully shutting down
2023/09/02 06:14:30 [notice] 31#31: exit
2023/09/02 06:14:30 [notice] 29#29: exit
2023/09/02 06:14:30 [notice] 33#33: exiting
2023/09/02 06:14:30 [notice] 36#36: gracefully shutting down
2023/09/02 06:14:30 [notice] 39#39: gracefully shutting down
2023/09/02 06:14:30 [notice] 32#32: exit
2023/09/02 06:14:30 [notice] 39#39: exiting
2023/09/02 06:14:30 [notice] 35#35: exiting
2023/09/02 06:14:30 [notice] 28#28: exiting
2023/09/02 06:14:30 [notice] 30#30: exit
2023/09/02 06:14:30 [notice] 33#33: exit
2023/09/02 06:14:30 [notice] 34#34: exiting
2023/09/02 06:14:30 [notice] 36#36: exiting
2023/09/02 06:14:30 [notice] 39#39: exit
2023/09/02 06:14:30 [notice] 28#28: exit
2023/09/02 06:14:30 [notice] 35#35: exit
2023/09/02 06:14:30 [notice] 34#34: exit
2023/09/02 06:14:30 [notice] 36#36: exit
2023/09/02 06:14:30 [notice] 38#38: gracefully shutting down
2023/09/02 06:14:30 [notice] 37#37: gracefully shutting down
2023/09/02 06:14:30 [notice] 37#37: exiting
2023/09/02 06:14:30 [notice] 37#37: exit
2023/09/02 06:14:30 [notice] 38#38: exiting
2023/09/02 06:14:30 [notice] 38#38: exit
2023/09/02 06:14:30 [notice] 1#1: signal 17 (SIGCHLD) received from 34
2023/09/02 06:14:30 [notice] 1#1: worker process 34 exited with code 0
2023/09/02 06:14:30 [notice] 1#1: signal 29 (SIGIO) received
2023/09/02 06:14:31 [notice] 1#1: signal 17 (SIGCHLD) received from 35
2023/09/02 06:14:31 [notice] 1#1: worker process 29 exited with code 0
2023/09/02 06:14:31 [notice] 1#1: worker process 30 exited with code 0
2023/09/02 06:14:31 [notice] 1#1: worker process 32 exited with code 0
2023/09/02 06:14:31 [notice] 1#1: worker process 33 exited with code 0
2023/09/02 06:14:31 [notice] 1#1: worker process 35 exited with code 0
2023/09/02 06:14:31 [notice] 1#1: worker process 36 exited with code 0
2023/09/02 06:14:31 [notice] 1#1: worker process 37 exited with code 0
2023/09/02 06:14:31 [notice] 1#1: worker process 38 exited with code 0
2023/09/02 06:14:31 [notice] 1#1: worker process 39 exited with code 0
2023/09/02 06:14:31 [notice] 1#1: signal 29 (SIGIO) received
2023/09/02 06:14:31 [notice] 1#1: signal 17 (SIGCHLD) received from 36
2023/09/02 06:14:31 [notice] 1#1: signal 17 (SIGCHLD) received from 31
2023/09/02 06:14:31 [notice] 1#1: worker process 28 exited with code 0
2023/09/02 06:14:31 [notice] 1#1: worker process 31 exited with code 0
2023/09/02 06:14:31 [notice] 1#1: exit
2023/09/02 06:14:31 [emerg] 1#1: "location" directive is not allowed here in /etc/nginx/conf.d/default.conf:13
2023/09/02 06:16:18 [notice] 1#1: using the "epoll" event method
2023/09/02 06:16:18 [notice] 1#1: nginx/1.24.0
2023/09/02 06:16:18 [notice] 1#1: built by gcc 10.2.1 20210110 (Debian 10.2.1-6) 
2023/09/02 06:16:18 [notice] 1#1: OS: Linux 5.4.72-microsoft-standard-WSL2
2023/09/02 06:16:18 [notice] 1#1: getrlimit(RLIMIT_NOFILE): 1048576:1048576
2023/09/02 06:16:18 [notice] 1#1: start worker processes
2023/09/02 06:16:18 [notice] 1#1: start worker process 28
2023/09/02 06:16:18 [notice] 1#1: start worker process 29
2023/09/02 06:16:18 [notice] 1#1: start worker process 30
2023/09/02 06:16:18 [notice] 1#1: start worker process 31
2023/09/02 06:16:18 [notice] 1#1: start worker process 32
2023/09/02 06:16:18 [notice] 1#1: start worker process 33
2023/09/02 06:16:18 [notice] 1#1: start worker process 34
2023/09/02 06:16:18 [notice] 1#1: start worker process 35
2023/09/02 06:16:18 [notice] 1#1: start worker process 36
2023/09/02 06:16:18 [notice] 1#1: start worker process 37
2023/09/02 06:16:18 [notice] 1#1: start worker process 38
2023/09/02 06:16:18 [notice] 1#1: start worker process 39
2023/09/02 06:16:27 [error] 29#29: *2 open() "/public/image/10435.jpg" failed (2: No such file or directory), client: 172.31.0.1, server: , request: "GET /image/10435.jpg HTTP/1.1", host: "localhost", referrer: "http://localhost/"
2023/09/02 06:16:27 [error] 28#28: *1 open() "/public/image/10434.jpg" failed (2: No such file or directory), client: 172.31.0.1, server: , request: "GET /image/10434.jpg HTTP/1.1", host: "localhost", referrer: "http://localhost/"
2023/09/02 06:16:27 [error] 28#28: *1 open() "/public/image/10433.png" failed (2: No such file or directory), client: 172.31.0.1, server: , request: "GET /image/10433.png HTTP/1.1", host: "localhost", referrer: "http://localhost/"
2023/09/02 06:16:27 [error] 29#29: *2 open() "/public/image/10430.jpg" failed (2: No such file or directory), client: 172.31.0.1, server: , request: "GET /image/10430.jpg HTTP/1.1", host: "localhost", referrer: "http://localhost/"
2023/09/02 06:16:27 [error] 28#28: *1 open() "/public/image/10431.jpg" failed (2: No such file or directory), client: 172.31.0.1, server: , request: "GET /image/10431.jpg HTTP/1.1", host: "localhost", referrer: "http://localhost/"
2023/09/02 06:16:27 [error] 29#29: *2 open() "/public/image/10432.jpg" failed (2: No such file or directory), client: 172.31.0.1, server: , request: "GET /image/10432.jpg HTTP/1.1", host: "localhost", referrer: "http://localhost/"
2023/09/02 06:16:27 [error] 28#28: *1 open() "/public/image/10429.png" failed (2: No such file or directory), client: 172.31.0.1, server: , request: "GET /image/10429.png HTTP/1.1", host: "localhost", referrer: "http://localhost/"
2023/09/02 06:16:27 [error] 29#29: *2 open() "/public/image/10427.jpg" failed (2: No such file or directory), client: 172.31.0.1, server: , request: "GET /image/10427.jpg HTTP/1.1", host: "localhost", referrer: "http://localhost/"
2023/09/02 06:16:27 [error] 28#28: *1 open() "/public/image/10424.jpg" failed (2: No such file or directory), client: 172.31.0.1, server: , request: "GET /image/10424.jpg HTTP/1.1", host: "localhost", referrer: "http://localhost/"
2023/09/02 06:16:27 [error] 29#29: *2 open() "/public/image/10428.jpg" failed (2: No such file or directory), client: 172.31.0.1, server: , request: "GET /image/10428.jpg HTTP/1.1", host: "localhost", referrer: "http://localhost/"
2023/09/02 06:16:27 [error] 30#30: *4 open() "/public/image/10425.jpg" failed (2: No such file or directory), client: 172.31.0.1, server: , request: "GET /image/10425.jpg HTTP/1.1", host: "localhost", referrer: "http://localhost/"
2023/09/02 06:16:27 [error] 30#30: *4 open() "/public/image/10426.jpg" failed (2: No such file or directory), client: 172.31.0.1, server: , request: "GET /image/10426.jpg HTTP/1.1", host: "localhost", referrer: "http://localhost/"
2023/09/02 06:16:27 [error] 29#29: *2 open() "/public/image/10422.png" failed (2: No such file or directory), client: 172.31.0.1, server: , request: "GET /image/10422.png HTTP/1.1", host: "localhost", referrer: "http://localhost/"
2023/09/02 06:16:27 [error] 28#28: *1 open() "/public/image/10423.png" failed (2: No such file or directory), client: 172.31.0.1, server: , request: "GET /image/10423.png HTTP/1.1", host: "localhost", referrer: "http://localhost/"
2023/09/02 06:16:27 [error] 30#30: *4 open() "/public/image/10421.png" failed (2: No such file or directory), client: 172.31.0.1, server: , request: "GET /image/10421.png HTTP/1.1", host: "localhost", referrer: "http://localhost/"
2023/09/02 06:16:27 [error] 28#28: *1 open() "/public/image/10420.jpg" failed (2: No such file or directory), client: 172.31.0.1, server: , request: "GET /image/10420.jpg HTTP/1.1", host: "localhost", referrer: "http://localhost/"
2023/09/02 06:16:27 [error] 29#29: *2 open() "/public/image/10418.jpg" failed (2: No such file or directory), client: 172.31.0.1, server: , request: "GET /image/10418.jpg HTTP/1.1", host: "localhost", referrer: "http://localhost/"
2023/09/02 06:16:27 [error] 30#30: *4 open() "/public/image/10419.jpg" failed (2: No such file or directory), client: 172.31.0.1, server: , request: "GET /image/10419.jpg HTTP/1.1", host: "localhost", referrer: "http://localhost/"
2023/09/02 06:16:27 [error] 29#29: *2 open() "/public/image/10417.png" failed (2: No such file or directory), client: 172.31.0.1, server: , request: "GET /image/10417.png HTTP/1.1", host: "localhost", referrer: "http://localhost/"
2023/09/02 06:16:27 [error] 28#28: *1 open() "/public/image/10416.png" failed (2: No such file or directory), client: 172.31.0.1, server: , request: "GET /image/10416.png HTTP/1.1", host: "localhost", referrer: "http://localhost/"
2023/09/02 06:16:30 [error] 28#28: *1 open() "/public/image/10435.jpg" failed (2: No such file or directory), client: 172.31.0.1, server: , request: "GET /image/10435.jpg HTTP/1.1", host: "localhost", referrer: "http://localhost/"
2023/09/02 06:16:30 [error] 29#29: *2 open() "/public/image/10434.jpg" failed (2: No such file or directory), client: 172.31.0.1, server: , request: "GET /image/10434.jpg HTTP/1.1", host: "localhost", referrer: "http://localhost/"
2023/09/02 06:16:30 [error] 29#29: *2 open() "/public/image/10433.png" failed (2: No such file or directory), client: 172.31.0.1, server: , request: "GET /image/10433.png HTTP/1.1", host: "localhost", referrer: "http://localhost/"
2023/09/02 06:16:30 [error] 28#28: *1 open() "/public/image/10430.jpg" failed (2: No such file or directory), client: 172.31.0.1, server: , request: "GET /image/10430.jpg HTTP/1.1", host: "localhost", referrer: "http://localhost/"
2023/09/02 06:16:30 [error] 30#30: *4 open() "/public/image/10431.jpg" failed (2: No such file or directory), client: 172.31.0.1, server: , request: "GET /image/10431.jpg HTTP/1.1", host: "localhost", referrer: "http://localhost/"
2023/09/02 06:16:30 [error] 31#31: *6 open() "/public/image/10432.jpg" failed (2: No such file or directory), client: 172.31.0.1, server: , request: "GET /image/10432.jpg HTTP/1.1", host: "localhost", referrer: "http://localhost/"
2023/09/02 06:16:30 [error] 32#32: *7 open() "/public/image/10429.png" failed (2: No such file or directory), client: 172.31.0.1, server: , request: "GET /image/10429.png HTTP/1.1", host: "localhost", referrer: "http://localhost/"
2023/09/02 06:16:30 [error] 33#33: *8 open() "/public/image/10427.jpg" failed (2: No such file or directory), client: 172.31.0.1, server: , request: "GET /image/10427.jpg HTTP/1.1", host: "localhost", referrer: "http://localhost/"
2023/09/02 06:16:30 [error] 32#32: *7 open() "/public/image/10428.jpg" failed (2: No such file or directory), client: 172.31.0.1, server: , request: "GET /image/10428.jpg HTTP/1.1", host: "localhost", referrer: "http://localhost/"
2023/09/02 06:16:30 [error] 30#30: *4 open() "/public/image/10425.jpg" failed (2: No such file or directory), client: 172.31.0.1, server: , request: "GET /image/10425.jpg HTTP/1.1", host: "localhost", referrer: "http://localhost/"
2023/09/02 06:16:30 [error] 31#31: *6 open() "/public/image/10424.jpg" failed (2: No such file or directory), client: 172.31.0.1, server: , request: "GET /image/10424.jpg HTTP/1.1", host: "localhost", referrer: "http://localhost/"
2023/09/02 06:16:30 [error] 33#33: *8 open() "/public/image/10426.jpg" failed (2: No such file or directory), client: 172.31.0.1, server: , request: "GET /image/10426.jpg HTTP/1.1", host: "localhost", referrer: "http://localhost/"
2023/09/02 06:16:30 [error] 28#28: *1 open() "/public/image/10423.png" failed (2: No such file or directory), client: 172.31.0.1, server: , request: "GET /image/10423.png HTTP/1.1", host: "localhost", referrer: "http://localhost/"
2023/09/02 06:16:30 [error] 32#32: *7 open() "/public/image/10422.png" failed (2: No such file or directory), client: 172.31.0.1, server: , request: "GET /image/10422.png HTTP/1.1", host: "localhost", referrer: "http://localhost/"
2023/09/02 06:16:30 [error] 30#30: *4 open() "/public/image/10420.jpg" failed (2: No such file or directory), client: 172.31.0.1, server: , request: "GET /image/10420.jpg HTTP/1.1", host: "localhost", referrer: "http://localhost/"
2023/09/02 06:16:30 [error] 31#31: *6 open() "/public/image/10421.png" failed (2: No such file or directory), client: 172.31.0.1, server: , request: "GET /image/10421.png HTTP/1.1", host: "localhost", referrer: "http://localhost/"
2023/09/02 06:16:30 [error] 29#29: *2 open() "/public/image/10418.jpg" failed (2: No such file or directory), client: 172.31.0.1, server: , request: "GET /image/10418.jpg HTTP/1.1", host: "localhost", referrer: "http://localhost/"
2023/09/02 06:16:30 [error] 29#29: *2 open() "/public/image/10419.jpg" failed (2: No such file or directory), client: 172.31.0.1, server: , request: "GET /image/10419.jpg HTTP/1.1", host: "localhost", referrer: "http://localhost/"
2023/09/02 06:16:30 [error] 31#31: *6 open() "/public/image/10417.png" failed (2: No such file or directory), client: 172.31.0.1, server: , request: "GET /image/10417.png HTTP/1.1", host: "localhost", referrer: "http://localhost/"
2023/09/02 06:16:30 [error] 30#30: *4 open() "/public/image/10416.png" failed (2: No such file or directory), client: 172.31.0.1, server: , request: "GET /image/10416.png HTTP/1.1", host: "localhost", referrer: "http://localhost/"
